ISim log file
Running: D:\FPGA\RISC\top_tb_isim_beh.exe -intstyle ise -gui -tclbatch isim.cmd -wdb D:/FPGA/RISC/top_tb_isim_beh.wdb 
ISim O.87xd (signature 0x2f00eba5)
This is a Full version of ISim.
Time resolution is 1 ps
# onerror resume
# wave add /
# run 1000 ns
Simulator is doing circuit initialization process.
Finished circuit initialization process.
# restart
# run 5.00us
Simulator is doing circuit initialization process.
Finished circuit initialization process.
# run 5.00us
# run 5.00us
# run 5.00us
# run 5.00us
# run 5.00us
# run 5.00us
# run 5.00us
# run 5.00us
# run 5.00us
# run 5.00us
# run 5.00us
# run 5.00us
# run 5.00us
# run 5.00us
# run 5.00us
# run 5.00us
# run 5.00us
# run 5.00us
# run 5.00us
# run 5.00us
# run 5.00us
# run 5.00us
# run 5.00us
# run 5.00us
